<?xml version="1.0" encoding="UTF-8"?>
<testng-results ignored="0" total="1" passed="1" failed="0" skipped="0">
  <reporter-output>
  </reporter-output>
  <suite started-at="2025-04-15T17:36:13 IST" name="Default suite" finished-at="2025-04-15T17:36:24 IST" duration-ms="11733">
    <groups>
    </groups>
    <test started-at="2025-04-15T17:36:13 IST" name="Default test" finished-at="2025-04-15T17:36:24 IST" duration-ms="11733">
      <class name="tests.LoginTest">
        <test-method is-config="true" signature="setup()[pri:0, instance:tests.LoginTest@74d7184a]" started-at="2025-04-15T17:36:13 IST" name="setup" finished-at="2025-04-15T17:36:15 IST" duration-ms="2398" status="PASS">
          <reporter-output>
          </reporter-output>
        </test-method> <!-- setup -->
        <test-method signature="validLogin()[pri:0, instance:tests.LoginTest@74d7184a]" started-at="2025-04-15T17:36:15 IST" name="validLogin" finished-at="2025-04-15T17:36:24 IST" duration-ms="8937" status="PASS">
          <reporter-output>
          </reporter-output>
        </test-method> <!-- validLogin -->
        <test-method is-config="true" signature="teardown(org.testng.ITestResult)[pri:0, instance:tests.LoginTest@74d7184a]" started-at="2025-04-15T17:36:24 IST" name="teardown" finished-at="2025-04-15T17:36:24 IST" duration-ms="346" status="PASS">
          <params>
            <param index="0">
              <value>
                <![CDATA[[TestResult name=validLogin status=SUCCESS method=LoginTest.validLogin()[pri:0, instance:tests.LoginTest@74d7184a] output={null}]]]>
              </value>
            </param>
          </params>
          <reporter-output>
          </reporter-output>
        </test-method> <!-- teardown -->
      </class> <!-- tests.LoginTest -->
    </test> <!-- Default test -->
  </suite> <!-- Default suite -->
</testng-results>
