<?xml version="1.0" encoding="UTF-8"?>
<testng-results ignored="0" total="2" passed="2" failed="0" skipped="0">
  <reporter-output>
  </reporter-output>
  <suite started-at="2025-04-23T15:18:24 IST" name="Automation Suite" finished-at="2025-04-23T15:18:34 IST" duration-ms="9925">
    <groups>
    </groups>
    <test started-at="2025-04-23T15:18:24 IST" name="Login Test" finished-at="2025-04-23T15:18:34 IST" duration-ms="9925">
      <class name="API_tests.AcadamicYear">
        <test-method is-config="true" signature="beforeSuite()[pri:0, instance:API_tests.AcadamicYear@437e951d]" started-at="2025-04-23T15:18:23 IST" name="beforeSuite" finished-at="2025-04-23T15:18:24 IST" duration-ms="267" status="PASS">
          <reporter-output>
          </reporter-output>
        </test-method> <!-- beforeSuite -->
        <test-method is-config="true" signature="beforeEachTest(java.lang.reflect.Method)[pri:0, instance:API_tests.AcadamicYear@437e951d]" started-at="2025-04-23T15:18:24 IST" name="beforeEachTest" finished-at="2025-04-23T15:18:24 IST" duration-ms="16" status="PASS">
          <params>
            <param index="0">
              <value>
                <![CDATA[public void API_tests.AcadamicYear.testCreateAcademicYear() throws java.io.IOException]]>
              </value>
            </param>
          </params>
          <reporter-output>
          </reporter-output>
        </test-method> <!-- beforeEachTest -->
        <test-method signature="testCreateAcademicYear()[pri:0, instance:API_tests.AcadamicYear@437e951d]" started-at="2025-04-23T15:18:24 IST" name="testCreateAcademicYear" finished-at="2025-04-23T15:18:30 IST" duration-ms="6619" status="PASS">
          <reporter-output>
          </reporter-output>
        </test-method> <!-- testCreateAcademicYear -->
        <test-method is-config="true" signature="afterSuite()[pri:0, instance:API_tests.AcadamicYear@437e951d]" started-at="2025-04-23T15:18:34 IST" name="afterSuite" finished-at="2025-04-23T15:18:34 IST" duration-ms="459" status="PASS">
          <reporter-output>
          </reporter-output>
        </test-method> <!-- afterSuite -->
      </class> <!-- API_tests.AcadamicYear -->
      <class name="UI_tests.LoginTest">
        <test-method is-config="true" signature="beforeSuite()[pri:0, instance:UI_tests.LoginTest@3a71c100]" started-at="2025-04-23T15:18:24 IST" name="beforeSuite" finished-at="2025-04-23T15:18:24 IST" duration-ms="0" status="PASS">
          <reporter-output>
          </reporter-output>
        </test-method> <!-- beforeSuite -->
        <test-method is-config="true" signature="setup(java.lang.reflect.Method)[pri:0, instance:UI_tests.LoginTest@3a71c100]" started-at="2025-04-23T15:18:24 IST" name="setup" finished-at="2025-04-23T15:18:27 IST" duration-ms="3244" status="PASS">
          <params>
            <param index="0">
              <value>
                <![CDATA[public void UI_tests.LoginTest.validLogin()]]>
              </value>
            </param>
          </params>
          <reporter-output>
          </reporter-output>
        </test-method> <!-- setup -->
        <test-method signature="validLogin()[pri:0, instance:UI_tests.LoginTest@3a71c100]" started-at="2025-04-23T15:18:27 IST" name="validLogin" finished-at="2025-04-23T15:18:33 IST" duration-ms="6289" status="PASS">
          <reporter-output>
          </reporter-output>
        </test-method> <!-- validLogin -->
        <test-method is-config="true" signature="teardown(org.testng.ITestResult)[pri:0, instance:UI_tests.LoginTest@3a71c100]" started-at="2025-04-23T15:18:33 IST" name="teardown" finished-at="2025-04-23T15:18:34 IST" duration-ms="330" status="PASS">
          <params>
            <param index="0">
              <value>
                <![CDATA[[TestResult name=validLogin status=SUCCESS method=LoginTest.validLogin()[pri:0, instance:UI_tests.LoginTest@3a71c100] output={null}]]]>
              </value>
            </param>
          </params>
          <reporter-output>
          </reporter-output>
        </test-method> <!-- teardown -->
        <test-method is-config="true" signature="afterSuite()[pri:0, instance:UI_tests.LoginTest@3a71c100]" started-at="2025-04-23T15:18:34 IST" name="afterSuite" finished-at="2025-04-23T15:18:34 IST" duration-ms="43" status="PASS">
          <reporter-output>
          </reporter-output>
        </test-method> <!-- afterSuite -->
      </class> <!-- UI_tests.LoginTest -->
    </test> <!-- Login Test -->
  </suite> <!-- Automation Suite -->
</testng-results>
